
  .   ____          _            __ _ _
 /\\ / ___'_ __ _ _(_)_ __  __ _ \ \ \ \
( ( )\___ | '_ | '_| | '_ \/ _` | \ \ \ \
 \\/  ___)| |_)| | | | | || (_| |  ) ) ) )
  '  |____| .__|_| |_|_| |_\__, | / / / /
 =========|_|==============|___/=/_/_/_/

 :: Spring Boot ::                (v3.4.4)

2026-07-10T10:15:57.844+03:00  INFO 19256 --- [           main] c.c.CampusMarketplaceApplication         : Starting CampusMarketplaceApplication v0.0.1-SNAPSHOT using Java 21.0.11 with PID 19256 (C:\Users\User\Campus-Marketplace\backend\target\campus-marketplace-backend-0.0.1-SNAPSHOT.jar started by User in C:\Users\User\Campus-Marketplace)
2026-07-10T10:15:57.849+03:00  INFO 19256 --- [           main] c.c.CampusMarketplaceApplication         : The following 1 profile is active: "dev"
2026-07-10T10:15:59.388+03:00  INFO 19256 --- [           main] .s.d.r.c.RepositoryConfigurationDelegate : Bootstrapping Spring Data JPA repositories in DEFAULT mode.
2026-07-10T10:15:59.534+03:00  INFO 19256 --- [           main] .s.d.r.c.RepositoryConfigurationDelegate : Finished Spring Data repository scanning in 130 ms. Found 14 JPA repository interfaces.
2026-07-10T10:16:00.850+03:00  INFO 19256 --- [           main] o.s.b.w.embedded.tomcat.TomcatWebServer  : Tomcat initialized with port 8080 (http)
2026-07-10T10:16:00.883+03:00  INFO 19256 --- [           main] o.apache.catalina.core.StandardService   : Starting service [Tomcat]
2026-07-10T10:16:00.884+03:00  INFO 19256 --- [           main] o.apache.catalina.core.StandardEngine    : Starting Servlet engine: [Apache Tomcat/10.1.39]
2026-07-10T10:16:00.950+03:00  INFO 19256 --- [           main] o.a.c.c.C.[Tomcat].[localhost].[/]       : Initializing Spring embedded WebApplicationContext
2026-07-10T10:16:00.953+03:00  INFO 19256 --- [           main] w.s.c.ServletWebServerApplicationContext : Root WebApplicationContext: initialization completed in 3025 ms
2026-07-10T10:16:01.292+03:00  INFO 19256 --- [           main] o.hibernate.jpa.internal.util.LogHelper  : HHH000204: Processing PersistenceUnitInfo [name: default]
2026-07-10T10:16:01.470+03:00  INFO 19256 --- [           main] org.hibernate.Version                    : HHH000412: Hibernate ORM core version 6.6.11.Final
2026-07-10T10:16:01.589+03:00  INFO 19256 --- [           main] o.h.c.internal.RegionFactoryInitiator    : HHH000026: Second-level cache disabled
2026-07-10T10:16:02.315+03:00  INFO 19256 --- [           main] o.s.o.j.p.SpringPersistenceUnitInfo      : No LoadTimeWeaver setup: ignoring JPA class transformer
2026-07-10T10:16:02.368+03:00  INFO 19256 --- [           main] com.zaxxer.hikari.HikariDataSource       : HikariPool-1 - Starting...
2026-07-10T10:16:02.647+03:00  INFO 19256 --- [           main] com.zaxxer.hikari.pool.HikariPool        : HikariPool-1 - Added connection conn0: url=jdbc:h2:mem:campusmarketplace user=POSTGRES
2026-07-10T10:16:02.651+03:00  INFO 19256 --- [           main] com.zaxxer.hikari.HikariDataSource       : HikariPool-1 - Start completed.
2026-07-10T10:16:02.703+03:00  WARN 19256 --- [           main] org.hibernate.orm.deprecation            : HHH90000025: H2Dialect does not need to be specified explicitly using 'hibernate.dialect' (remove the property setting and it will be selected by default)
2026-07-10T10:16:02.727+03:00  INFO 19256 --- [           main] org.hibernate.orm.connections.pooling    : HHH10001005: Database info:
	Database JDBC URL [Connecting through datasource 'HikariDataSource (HikariPool-1)']
	Database driver: undefined/unknown
	Database version: 2.3.232
	Autocommit mode: undefined/unknown
	Isolation level: undefined/unknown
	Minimum pool size: undefined/unknown
	Maximum pool size: undefined/unknown
2026-07-10T10:16:04.227+03:00  INFO 19256 --- [           main] o.h.e.t.j.p.i.JtaPlatformInitiator       : HHH000489: No JTA platform available (set 'hibernate.transaction.jta.platform' to enable JTA platform integration)
2026-07-10T10:16:04.339+03:00  INFO 19256 --- [           main] j.LocalContainerEntityManagerFactoryBean : Initialized JPA EntityManagerFactory for persistence unit 'default'
2026-07-10T10:16:04.962+03:00  INFO 19256 --- [           main] o.s.d.j.r.query.QueryEnhancerFactory     : Hibernate is in classpath; If applicable, HQL parser will be used.
2026-07-10T10:16:07.199+03:00  INFO 19256 --- [           main] r$InitializeUserDetailsManagerConfigurer : Global AuthenticationManager configured with UserDetailsService bean with name userDetailsServiceImpl
2026-07-10T10:16:07.263+03:00  WARN 19256 --- [           main] JpaBaseConfiguration$JpaWebConfiguration : spring.jpa.open-in-view is enabled by default. Therefore, database queries may be performed during view rendering. Explicitly configure spring.jpa.open-in-view to disable this warning
2026-07-10T10:16:08.346+03:00  INFO 19256 --- [           main] o.s.b.w.embedded.tomcat.TomcatWebServer  : Tomcat started on port 8080 (http) with context path '/'
2026-07-10T10:16:08.369+03:00  INFO 19256 --- [           main] c.c.CampusMarketplaceApplication         : Started CampusMarketplaceApplication in 11.286 seconds (process running for 12.142)
2026-07-10T10:16:09.070+03:00  INFO 19256 --- [           main] c.campusmarketplace.config.DataSeeder    : Seed data loaded successfully.
