[INFO] Scanning for projects...
[INFO] 
[INFO] ----------< com.campusmarketplace:campus-marketplace-backend >----------
[INFO] Building Campus Marketplace Backend 0.0.1-SNAPSHOT
[INFO]   from pom.xml
[INFO] --------------------------------[ jar ]---------------------------------
[INFO] 
[INFO] >>> spring-boot:3.4.4:run (default-cli) > test-compile @ campus-marketplace-backend >>>
[INFO] 
[INFO] --- resources:3.3.1:resources (default-resources) @ campus-marketplace-backend ---
[INFO] Copying 1 resource from src\main\resources to target\classes
[INFO] Copying 0 resource from src\main\resources to target\classes
[INFO] 
[INFO] --- compiler:3.13.0:compile (default-compile) @ campus-marketplace-backend ---
[INFO] Recompiling the module because of changed source code.
[INFO] Compiling 84 source files with javac [debug parameters release 21] to target\classes
[INFO] 
[INFO] --- resources:3.3.1:testResources (default-testResources) @ campus-marketplace-backend ---
[INFO] skip non existing resourceDirectory C:\Users\User\Campus-Marketplace\backend\src\test\resources
[INFO] 
[INFO] --- compiler:3.13.0:testCompile (default-testCompile) @ campus-marketplace-backend ---
[INFO] Recompiling the module because of changed dependency.
[INFO] 
[INFO] <<< spring-boot:3.4.4:run (default-cli) < test-compile @ campus-marketplace-backend <<<
[INFO] 
[INFO] 
[INFO] --- spring-boot:3.4.4:run (default-cli) @ campus-marketplace-backend ---
[INFO] Attaching agents: []

  .   ____          _            __ _ _
 /\\ / ___'_ __ _ _(_)_ __  __ _ \ \ \ \
( ( )\___ | '_ | '_| | '_ \/ _` | \ \ \ \
 \\/  ___)| |_)| | | | | || (_| |  ) ) ) )
  '  |____| .__|_| |_|_| |_\__, | / / / /
 =========|_|==============|___/=/_/_/_/

 :: Spring Boot ::                (v3.4.4)

2026-07-09T16:27:15.754+03:00  INFO 22436 --- [           main] c.c.CampusMarketplaceApplication         : Starting CampusMarketplaceApplication using Java 21.0.11 with PID 22436 (C:\Users\User\Campus-Marketplace\backend\target\classes started by User in C:\Users\User\Campus-Marketplace\backend)
2026-07-09T16:27:15.754+03:00  INFO 22436 --- [           main] c.c.CampusMarketplaceApplication         : No active profile set, falling back to 1 default profile: "default"
2026-07-09T16:27:16.570+03:00  INFO 22436 --- [           main] .s.d.r.c.RepositoryConfigurationDelegate : Bootstrapping Spring Data JPA repositories in DEFAULT mode.
2026-07-09T16:27:16.687+03:00  INFO 22436 --- [           main] .s.d.r.c.RepositoryConfigurationDelegate : Finished Spring Data repository scanning in 102 ms. Found 14 JPA repository interfaces.
2026-07-09T16:27:17.362+03:00  INFO 22436 --- [           main] o.s.b.w.embedded.tomcat.TomcatWebServer  : Tomcat initialized with port 8080 (http)
2026-07-09T16:27:17.379+03:00  INFO 22436 --- [           main] o.apache.catalina.core.StandardService   : Starting service [Tomcat]
2026-07-09T16:27:17.380+03:00  INFO 22436 --- [           main] o.apache.catalina.core.StandardEngine    : Starting Servlet engine: [Apache Tomcat/10.1.39]
2026-07-09T16:27:17.452+03:00  INFO 22436 --- [           main] o.a.c.c.C.[Tomcat].[localhost].[/]       : Initializing Spring embedded WebApplicationContext
2026-07-09T16:27:17.452+03:00  INFO 22436 --- [           main] w.s.c.ServletWebServerApplicationContext : Root WebApplicationContext: initialization completed in 1649 ms
